<?xml version="1.0" encoding="UTF-8"?>
<!-- Generated by org.testng.reporters.JUnitReportReporter -->
<testsuite hostname="LAPTOP-Q7L19CG3" failures="0" tests="1" name="payments.Process_Payment" time="39.410" errors="0" timestamp="19 Jun 2023 11:16:42 GMT" skipped="0">
  <testcase classname="payments.Process_Payment" name="PM_TC_1" time="39.410"/>
</testsuite> <!-- payments.Process_Payment -->
