<?xml version="1.0" encoding="UTF-8"?>
<!-- Generated by org.testng.reporters.JUnitReportReporter -->
<testsuite hostname="LAPTOP-Q7L19CG3" failures="0" tests="1" name="gl_Account.GLA_3_2_TC_2" time="10.172" errors="0" timestamp="2023-06-13T17:56:20 IST" skipped="0">
  <testcase classname="gl_Account.GLA_3_2_TC_2" name="TC_2" time="10.172"/>
  <system-out/>
</testsuite> <!-- gl_Account.GLA_3_2_TC_2 -->
