<?xml version="1.0" encoding="UTF-8"?>
<!-- Generated by org.testng.reporters.JUnitReportReporter -->
<testsuite hostname="LAPTOP-Q7L19CG3" failures="0" tests="5" name="gl_Account.Groups_GLA" time="45.692" errors="0" timestamp="2023-06-16T21:53:10 IST" skipped="0">
  <testcase classname="gl_Account.Groups_GLA" name="TC_3" time="12.788"/>
  <system-out/>
  <testcase classname="gl_Account.Groups_GLA" name="start" time="9.796"/>
  <system-out/>
  <testcase classname="gl_Account.Groups_GLA" name="GLA_TC_4" time="16.086"/>
  <system-out/>
  <testcase classname="gl_Account.Groups_GLA" name="login" time="6.862"/>
  <system-out/>
  <testcase classname="gl_Account.Groups_GLA" name="close" time="0.160"/>
  <system-out/>
</testsuite> <!-- gl_Account.Groups_GLA -->
