<?xml version="1.0" encoding="UTF-8"?>
<!-- Generated by org.testng.reporters.JUnitReportReporter -->
<testsuite hostname="LAPTOP-Q7L19CG3" failures="0" tests="2" name="gl_Account.TestSuit_GLA_3_11" time="8.451" errors="0" timestamp="2023-06-05T21:20:46 IST" skipped="0">
  <testcase classname="gl_Account.TestSuit_GLA_3_11" name="TC_11" time="5.899"/>
  <system-out/>
  <testcase classname="gl_Account.TestSuit_GLA_3_11" name="TC_12" time="2.552"/>
  <system-out/>
</testsuite> <!-- gl_Account.TestSuit_GLA_3_11 -->
