<?xml version="1.0" encoding="UTF-8"?>
<!-- Generated by org.testng.reporters.JUnitReportReporter -->
<testsuite hostname="LAPTOP-Q7L19CG3" failures="0" tests="1" name="tests.Test_DELETE" time="2.136" errors="0" timestamp="22 Jun 2023 13:29:13 GMT" skipped="0">
  <testcase classname="tests.Test_DELETE" name="Test_1_delete" time="2.136"/>
</testsuite> <!-- tests.Test_DELETE -->
