<?xml version="1.0" encoding="UTF-8"?>
<!-- Generated by org.testng.reporters.JUnitReportReporter -->
<testsuite hostname="LAPTOP-Q7L19CG3" failures="0" tests="2" name="tests.Test_Example_1" time="2.327" errors="0" timestamp="21 Jun 2023 12:46:11 GMT" skipped="0">
  <testcase classname="tests.Test_Example_1" name="Test_1" time="1.449"/>
  <testcase classname="tests.Test_Example_1" name="Test_2" time="0.878"/>
</testsuite> <!-- tests.Test_Example_1 -->
