<?xml version="1.0" encoding="UTF-8"?>
<!-- Generated by org.testng.reporters.JUnitReportReporter -->
<testsuite hostname="LAPTOP-Q7L19CG3" failures="0" tests="1" name="tests.Test_PATCH" time="2.155" errors="0" timestamp="22 Jun 2023 11:58:44 GMT" skipped="0">
  <testcase classname="tests.Test_PATCH" name="test_1_Patch" time="2.155"/>
</testsuite> <!-- tests.Test_PATCH -->
