<?xml version="1.0" encoding="UTF-8"?>
<!-- Generated by org.testng.reporters.JUnitReportReporter -->
<testsuite hostname="LAPTOP-Q7L19CG3" failures="0" tests="1" name="tests.Test_GET" time="2.427" errors="0" timestamp="22 Jun 2023 10:45:08 GMT" skipped="0">
  <testcase classname="tests.Test_GET" name="test_1" time="2.427"/>
</testsuite> <!-- tests.Test_GET -->
