<?xml version="1.0" encoding="UTF-8"?>
<!-- Generated by org.testng.reporters.JUnitReportReporter -->
<testsuite hostname="LAPTOP-Q7L19CG3" failures="0" tests="1" name="tests.Test_POST" time="2.133" errors="0" timestamp="22 Jun 2023 11:53:34 GMT" skipped="0">
  <testcase classname="tests.Test_POST" name="Test_1" time="2.133"/>
</testsuite> <!-- tests.Test_POST -->
