<?xml version="1.0" encoding="UTF-8"?>
<!-- Generated by org.testng.reporters.JUnitReportReporter -->
<testsuite hostname="LAPTOP-Q7L19CG3" failures="0" tests="2" name="test_cases.GLG_2_1_TC_1" time="12.580" errors="0" timestamp="01 Jun 2023 14:18:25 GMT" skipped="0">
  <testcase classname="test_cases.GLG_2_1_TC_1" name="Login" time="6.324"/>
  <testcase classname="test_cases.GLG_2_1_TC_1" name="TC_1" time="6.256"/>
</testsuite> <!-- test_cases.GLG_2_1_TC_1 -->
