<?xml version="1.0" encoding="UTF-8"?>
<!-- Generated by org.testng.reporters.JUnitReportReporter -->
<testsuite hostname="LAPTOP-Q7L19CG3" failures="0" tests="2" name="test_cases.GLG_2_1_TC_1" time="11.647" errors="0" timestamp="04 Jun 2023 11:44:05 GMT" skipped="0">
  <testcase classname="test_cases.GLG_2_1_TC_1" name="Login" time="5.516"/>
  <testcase classname="test_cases.GLG_2_1_TC_1" name="TC_1" time="6.131"/>
</testsuite> <!-- test_cases.GLG_2_1_TC_1 -->
