<?xml version="1.0" encoding="UTF-8"?>
<!-- Generated by org.testng.reporters.JUnitReportReporter -->
<testsuite hostname="LAPTOP-Q7L19CG3" failures="0" tests="1" name="test_cases.GLG_2_2_TC_2" time="40.375" errors="0" timestamp="04 Jun 2023 11:37:46 GMT" skipped="0">
  <testcase classname="test_cases.GLG_2_2_TC_2" name="TC_2" time="40.375"/>
</testsuite> <!-- test_cases.GLG_2_2_TC_2 -->
